C51 COMPILER V9.00   IIC                                                                   06/30/2013 13:28:03 PAGE 1   


C51 COMPILER V9.00, COMPILATION OF MODULE IIC
OBJECT MODULE PLACED IN IIC.OBJ
COMPILER INVOKED BY: D:\Program Files (x86)\Keil\C51\BIN\C51.EXE IIC.c BROWSE DEBUG OBJECTEXTEND

line level    source

   1          #include "IIC.h"
   2          #ifndef _IIC_PINS
   3          #define _IIC_PINS
   4                  sbit      SCL=P1^0;      //IIC时钟引脚定义
   5                  sbit      SDA=P1^1;      //IIC数据引脚定义
   6          #endif
   7          /**************************************
   8          开始信号
   9          **************************************/
  10          void IIC_Start()
  11          {
  12   1          SDA = 1;                    //拉高数据线
  13   1          SCL = 1;                    //拉高时钟线
  14   1          Delay5us();                 //延时
  15   1          SDA = 0;                    //产生下降沿
  16   1          Delay5us();                 //延时
  17   1          SCL = 0;                    //拉低时钟线
  18   1      }
  19          /**************************************
  20          停止信号
  21          **************************************/
  22          void IIC_Stop()
  23          {
  24   1          SDA = 0;                    //拉低数据线
  25   1          SCL = 1;                    //拉高时钟线
  26   1          Delay5us();                 //延时
  27   1          SDA = 1;                    //产生上升沿
  28   1          Delay5us();                 //延时
  29   1      }
  30          /**************************************
  31          发送应答信号
  32          入口参数:ack (0:ACK 1:NAK)
  33          **************************************/
  34          void IIC_SendACK(bit ack)
  35          {
  36   1          SDA = ack;                  //写应答信号
  37   1          SCL = 1;                    //拉高时钟线
  38   1          Delay5us();                 //延时
  39   1          SCL = 0;                    //拉低时钟线
  40   1          Delay5us();                 //延时
  41   1      }
  42          /**************************************
  43          接收应答信号
  44          **************************************/
  45          bit IIC_RecvACK()
  46          {
  47   1          SCL = 1;                    //拉高时钟线
  48   1          Delay5us();                 //延时
  49   1          CY = SDA;                   //读应答信号(利用了CY标志位)
  50   1          SCL = 0;                    //拉低时钟线
  51   1          Delay5us();                 //延时
  52   1      
  53   1          return CY;
  54   1      }
  55          /**************************************
C51 COMPILER V9.00   IIC                                                                   06/30/2013 13:28:03 PAGE 2   

  56          向IIC总线发送一个字节数据
  57          **************************************/
  58          void IIC_SendByte(uchar dat)
  59          {
  60   1          uchar i;
  61   1      
  62   1          for (i=0; i<8; i++)         //8位计数器
  63   1          {
  64   2              dat <<= 1;              //移出数据的最高位
  65   2              SDA = CY;               //送数据口
  66   2              SCL = 1;                //拉高时钟线
  67   2              Delay5us();             //延时
  68   2              SCL = 0;                //拉低时钟线
  69   2              Delay5us();             //延时
  70   2          }
  71   1              IIC_RecvACK();
  72   1      }
  73          /**************************************
  74          从IIC总线接收一个字节数据
  75          **************************************/
  76          uchar IIC_RecvByte()
  77          {
  78   1          uchar i;
  79   1          uchar dat = 0;
  80   1      
  81   1          SDA = 1;                    //使能内部上拉,准备读取数据,
  82   1          for (i=0; i<8; i++)         //8位计数器
  83   1          {
  84   2              dat <<= 1;
  85   2              SCL = 1;                //拉高时钟线
  86   2              Delay5us();             //延时
  87   2              dat |= SDA;             //读数据               
  88   2              SCL = 0;                //拉低时钟线
  89   2              Delay5us();             //延时
  90   2          }
  91   1          return dat;
  92   1      }
  93          


MODULE INFORMATION:   STATIC OVERLAYABLE
   CODE SIZE        =    130    ----
   CONSTANT SIZE    =   ----    ----
   XDATA SIZE       =   ----    ----
   PDATA SIZE       =   ----    ----
   DATA SIZE        =   ----       4
   IDATA SIZE       =   ----    ----
   BIT SIZE         =   ----       1
END OF MODULE INFORMATION.


C51 COMPILATION COMPLETE.  0 WARNING(S),  0 ERROR(S)
