C51 COMPILER V9.00   MAIN                                                                  06/30/2013 13:43:05 PAGE 1   


C51 COMPILER V9.00, COMPILATION OF MODULE MAIN
OBJECT MODULE PLACED IN main.OBJ
COMPILER INVOKED BY: D:\Program Files (x86)\Keil\C51\BIN\C51.EXE main.c BROWSE DEBUG OBJECTEXTEND

line level    source

   1          #include "..\sameShit.h"
   2          #include "NRF24L01.h"
   3          void main(){
   4   1              NRF_Init();
   5   1              NRF_Send("compu");
   6   1              NRF_kill();
*** WARNING C206 IN LINE 6 OF MAIN.C: 'NRF_kill': missing function-prototype
   7   1      }


MODULE INFORMATION:   STATIC OVERLAYABLE
   CODE SIZE        =     15    ----
   CONSTANT SIZE    =      6    ----
   XDATA SIZE       =   ----    ----
   PDATA SIZE       =   ----    ----
   DATA SIZE        =   ----    ----
   IDATA SIZE       =   ----    ----
   BIT SIZE         =   ----    ----
END OF MODULE INFORMATION.


C51 COMPILATION COMPLETE.  1 WARNING(S),  0 ERROR(S)
